d:\users\andrew\documents\visual studio 2013\projects\drewski's block breaker\drewski's block breaker\debug\vc120.pdb
d:\users\andrew\documents\visual studio 2013\projects\drewski's block breaker\drewski's block breaker\debug\vc120.idb
d:\users\andrew\documents\visual studio 2013\projects\drewski's block breaker\drewski's block breaker\debug\application.obj
d:\users\andrew\documents\visual studio 2013\projects\drewski's block breaker\drewski's block breaker\debug\main.obj
d:\users\andrew\documents\visual studio 2013\projects\drewski's block breaker\drewski's block breaker\debug\state.obj
d:\users\andrew\documents\visual studio 2013\projects\drewski's block breaker\drewski's block breaker\debug\statestack.obj
d:\users\andrew\documents\visual studio 2013\projects\drewski's block breaker\drewski's block breaker\debug\gamestate.obj
d:\users\andrew\documents\visual studio 2013\projects\drewski's block breaker\drewski's block breaker\debug\titlestate.obj
d:\users\andrew\perforceworkspace\drew-deskpc\drewski's block breaker\drewski's block breaker\debug\vc120.pdb
d:\users\andrew\perforceworkspace\drew-deskpc\drewski's block breaker\drewski's block breaker\debug\vc120.idb
d:\users\andrew\perforceworkspace\drew-deskpc\drewski's block breaker\drewski's block breaker\debug\application.obj
d:\users\andrew\perforceworkspace\drew-deskpc\drewski's block breaker\drewski's block breaker\debug\gamestate.obj
d:\users\andrew\perforceworkspace\drew-deskpc\drewski's block breaker\drewski's block breaker\debug\statestack.obj
d:\users\andrew\perforceworkspace\drew-deskpc\drewski's block breaker\drewski's block breaker\debug\titlestate.obj
d:\users\andrew\perforceworkspace\drew-deskpc\drewski's block breaker\drewski's block breaker\debug\main.obj
d:\users\andrew\perforceworkspace\drew-deskpc\drewski's block breaker\drewski's block breaker\debug\state.obj
d:\users\andrew\perforceworkspace\drew-deskpc\drewski's block breaker\drewski's block breaker\debug\application.xdc
d:\users\andrew\perforceworkspace\drew-deskpc\drewski's block breaker\drewski's block breaker\debug\gamestate.xdc
d:\users\andrew\perforceworkspace\drew-deskpc\drewski's block breaker\drewski's block breaker\debug\statestack.xdc
d:\users\andrew\perforceworkspace\drew-deskpc\drewski's block breaker\drewski's block breaker\debug\titlestate.xdc
d:\users\andrew\perforceworkspace\drew-deskpc\drewski's block breaker\drewski's block breaker\debug\utilities.obj
d:\users\andrew\perforceworkspace\drew-deskpc\drewski's block breaker\drewski's block breaker\debug\main.xdc
d:\users\andrew\perforceworkspace\drew-deskpc\drewski's block breaker\drewski's block breaker\debug\utilities.xdc
d:\users\andrew\perforceworkspace\drew-deskpc\drewski's block breaker\drewski's block breaker\debug\state.xdc
d:\users\andrew\perforceworkspace\drew-deskpc\drewski's block breaker\drewski's block breaker\debug\world.xdc
d:\users\andrew\perforceworkspace\drew-deskpc\drewski's block breaker\drewski's block breaker\debug\entity.xdc
d:\users\andrew\perforceworkspace\drew-deskpc\drewski's block breaker\drewski's block breaker\debug\entity.obj
d:\users\andrew\perforceworkspace\drew-deskpc\drewski's block breaker\drewski's block breaker\debug\world.obj
d:\users\andrew\perforceworkspace\drew-deskpc\drewski's block breaker\drewski's block breaker\debug\player.xdc
d:\users\andrew\perforceworkspace\drew-deskpc\drewski's block breaker\drewski's block breaker\debug\player.obj
d:\users\andrew\perforceworkspace\drew-deskpc\drewski's block breaker\drewski's block breaker\debug\ball.xdc
d:\users\andrew\perforceworkspace\drew-deskpc\drewski's block breaker\drewski's block breaker\debug\ball.obj
d:\users\andrew\perforceworkspace\drew-deskpc\drewski's block breaker\drewski's block breaker\debug\brick.xdc
d:\users\andrew\perforceworkspace\drew-deskpc\drewski's block breaker\drewski's block breaker\debug\brick.obj
d:\users\andrew\perforceworkspace\drew-deskpc\drewski's block breaker\drewski's block breaker\debug\datatables.xdc
d:\users\andrew\perforceworkspace\drew-deskpc\drewski's block breaker\drewski's block breaker\debug\datatables.obj
d:\users\andrew\perforceworkspace\drew-deskpc\drewski's block breaker\drewski's block breaker\debug\pausestate.xdc
d:\users\andrew\perforceworkspace\drew-deskpc\drewski's block breaker\drewski's block breaker\debug\pausestate.obj
d:\users\andrew\perforceworkspace\drew-deskpc\drewski's block breaker\drewski's block breaker\debug\particlesystem.xdc
d:\users\andrew\perforceworkspace\drew-deskpc\drewski's block breaker\drewski's block breaker\debug\particleemitter.xdc
d:\users\andrew\perforceworkspace\drew-deskpc\drewski's block breaker\drewski's block breaker\debug\particleemitter.obj
d:\users\andrew\perforceworkspace\drew-deskpc\drewski's block breaker\drewski's block breaker\debug\particlesystem.obj
d:\users\andrew\perforceworkspace\drew-deskpc\drewski's block breaker\drewski's block breaker\debug\soundplayer.xdc
d:\users\andrew\perforceworkspace\drew-deskpc\drewski's block breaker\drewski's block breaker\debug\soundplayer.obj
d:\users\andrew\documents\visual studio 2013\projects\drewski's block breaker\debug\drewski's block breaker.ilk
d:\users\andrew\documents\visual studio 2013\projects\drewski's block breaker\debug\drewski's block breaker.exe
d:\users\andrew\documents\visual studio 2013\projects\drewski's block breaker\debug\drewski's block breaker.pdb
d:\users\andrew\perforceworkspace\drew-deskpc\drewski's block breaker\debug\drewski's block breaker.ilk
d:\users\andrew\perforceworkspace\drew-deskpc\drewski's block breaker\debug\drewski's block breaker.exe
d:\users\andrew\perforceworkspace\drew-deskpc\drewski's block breaker\debug\drewski's block breaker.pdb
d:\users\andrew\documents\visual studio 2013\projects\drewski's block breaker\drewski's block breaker\debug\drewski's block breaker.res
d:\users\andrew\perforceworkspace\drew-deskpc\drewski's block breaker\drewski's block breaker\debug\drewski's block breaker.res
d:\users\andrew\perforceworkspace\drew-deskpc\drewski's block breaker\debug\drewski's block breaker.xml
d:\users\andrew\perforceworkspace\drew-deskpc\drewski's block breaker\drewski's block breaker\debug\drewski'.5a0a21f4.tlog\cl.command.1.tlog
d:\users\andrew\perforceworkspace\drew-deskpc\drewski's block breaker\drewski's block breaker\debug\drewski'.5a0a21f4.tlog\cl.read.1.tlog
d:\users\andrew\perforceworkspace\drew-deskpc\drewski's block breaker\drewski's block breaker\debug\drewski'.5a0a21f4.tlog\cl.write.1.tlog
d:\users\andrew\perforceworkspace\drew-deskpc\drewski's block breaker\drewski's block breaker\debug\drewski'.5a0a21f4.tlog\link.command.1.tlog
d:\users\andrew\perforceworkspace\drew-deskpc\drewski's block breaker\drewski's block breaker\debug\drewski'.5a0a21f4.tlog\link.read.1.tlog
d:\users\andrew\perforceworkspace\drew-deskpc\drewski's block breaker\drewski's block breaker\debug\drewski'.5a0a21f4.tlog\link.write.1.tlog
d:\users\andrew\perforceworkspace\drew-deskpc\drewski's block breaker\drewski's block breaker\debug\drewski'.5a0a21f4.tlog\rc.command.1.tlog
d:\users\andrew\perforceworkspace\drew-deskpc\drewski's block breaker\drewski's block breaker\debug\drewski'.5a0a21f4.tlog\rc.read.1.tlog
d:\users\andrew\perforceworkspace\drew-deskpc\drewski's block breaker\drewski's block breaker\debug\drewski'.5a0a21f4.tlog\rc.write.1.tlog
d:\users\andrew\perforceworkspace\drew-deskpc\drewski's block breaker\drewski's block breaker\debug\drewski'.5a0a21f4.tlog\xdcmake.command.1.tlog
d:\users\andrew\perforceworkspace\drew-deskpc\drewski's block breaker\drewski's block breaker\debug\drewski'.5a0a21f4.tlog\xdcmake.read.1.tlog
d:\users\andrew\perforceworkspace\drew-deskpc\drewski's block breaker\drewski's block breaker\debug\drewski'.5a0a21f4.tlog\xdcmake.write.1.tlog
